Starting a Gradle Daemon, 3 incompatible and 1 stopped Daemons could not be reused, use --status for details
> Task :gradle-plugin:settings-plugin:checkKotlinGradlePluginConfigurationErrors
> Task :gradle-plugin:shared:checkKotlinGradlePluginConfigurationErrors
> Task :gradle-plugin:shared:compileKotlin UP-TO-DATE
> Task :gradle-plugin:shared:compileJava NO-SOURCE
> Task :gradle-plugin:shared:processResources NO-SOURCE
> Task :gradle-plugin:shared:classes UP-TO-DATE
> Task :gradle-plugin:shared:jar
> Task :gradle-plugin:settings-plugin:compileKotlin UP-TO-DATE
> Task :gradle-plugin:settings-plugin:compileJava NO-SOURCE
> Task :gradle-plugin:settings-plugin:pluginDescriptors UP-TO-DATE
> Task :gradle-plugin:settings-plugin:processResources
> Task :gradle-plugin:settings-plugin:classes
> Task :gradle-plugin:settings-plugin:jar
> Task :gradle-plugin:react-native-gradle-plugin:checkKotlinGradlePluginConfigurationErrors
> Task :gradle-plugin:react-native-gradle-plugin:compileKotlin UP-TO-DATE
> Task :gradle-plugin:react-native-gradle-plugin:compileJava NO-SOURCE
> Task :gradle-plugin:react-native-gradle-plugin:pluginDescriptors UP-TO-DATE
> Task :gradle-plugin:react-native-gradle-plugin:processResources
> Task :gradle-plugin:react-native-gradle-plugin:classes
> Task :gradle-plugin:react-native-gradle-plugin:jar

> Configure project :react-native-reanimated
Android gradle plugin: 8.6.0
Gradle: 8.10.2

> Configure project :react-native-vision-camera
[VisionCamera] Thank you for using VisionCamera ??
[VisionCamera] If you enjoy using VisionCamera, please consider sponsoring this project: https://github.com/sponsors/mrousavy
[VisionCamera] node_modules found at D:\astra by antigravity\astra-rn\node_modules
[VisionCamera] VisionCamera_enableFrameProcessors is set to true!
[VisionCamera] react-native-worklets-core not found, Frame Processors are disabled!
[VisionCamera] VisionCamera_enableCodeScanner is set to true!
Observed package id 'platform-tools' in inconsistent location 'C:\Android\sdk\platform-tools-2' (Expected 'C:\Android\sdk\platform-tools')

> Task :app:generateAutolinkingPackageList UP-TO-DATE
> Task :app:generateCodegenSchemaFromJavaScript SKIPPED
> Task :app:generateCodegenArtifactsFromSchema SKIPPED
> Task :app:preBuild UP-TO-DATE
> Task :app:preDebugBuild UP-TO-DATE
> Task :app:mergeDebugNativeDebugMetadata NO-SOURCE
> Task :app:checkKotlinGradlePluginConfigurationErrors
> Task :app:generateDebugBuildConfig
> Task :lottie-react-native:preBuild UP-TO-DATE
> Task :lottie-react-native:preDebugBuild UP-TO-DATE
> Task :react-native-async-storage_async-storage:preBuild UP-TO-DATE
> Task :react-native-async-storage_async-storage:preDebugBuild UP-TO-DATE
> Task :react-native-biometrics:preBuild UP-TO-DATE
> Task :react-native-biometrics:preDebugBuild UP-TO-DATE
> Task :react-native-community_blur:preBuild UP-TO-DATE
> Task :react-native-community_blur:preDebugBuild UP-TO-DATE
> Task :react-native-device-info:preBuild UP-TO-DATE
> Task :react-native-device-info:preDebugBuild UP-TO-DATE
> Task :react-native-document-picker:preBuild UP-TO-DATE
> Task :react-native-document-picker:preDebugBuild UP-TO-DATE
> Task :react-native-fs:preBuild UP-TO-DATE
> Task :react-native-fs:preDebugBuild UP-TO-DATE
> Task :react-native-geolocation-service:preBuild UP-TO-DATE
> Task :react-native-geolocation-service:preDebugBuild UP-TO-DATE
> Task :react-native-keychain:preBuild UP-TO-DATE
> Task :react-native-keychain:preDebugBuild UP-TO-DATE
> Task :react-native-linear-gradient:preBuild UP-TO-DATE
> Task :react-native-linear-gradient:preDebugBuild UP-TO-DATE
> Task :react-native-reanimated:assertLatestReactNativeWithNewArchitectureTask SKIPPED
> Task :react-native-reanimated:assertMinimalReactNativeVersionTask SKIPPED
> Task :react-native-fs:writeDebugAarMetadata
> Task :lottie-react-native:writeDebugAarMetadata
> Task :react-native-community_blur:writeDebugAarMetadata
> Task :react-native-biometrics:writeDebugAarMetadata
> Task :react-native-linear-gradient:writeDebugAarMetadata
> Task :react-native-keychain:writeDebugAarMetadata
> Task :react-native-geolocation-service:writeDebugAarMetadata
> Task :react-native-async-storage_async-storage:writeDebugAarMetadata
> Task :react-native-device-info:writeDebugAarMetadata
> Task :react-native-document-picker:writeDebugAarMetadata
> Task :react-native-reanimated:prepareReanimatedHeadersForPrefabs UP-TO-DATE
> Task :react-native-reanimated:prepareWorkletsHeadersForPrefabs UP-TO-DATE
> Task :react-native-reanimated:preBuild UP-TO-DATE
> Task :react-native-reanimated:preDebugBuild UP-TO-DATE
> Task :react-native-reanimated:writeDebugAarMetadata
> Task :react-native-safe-area-context:preBuild UP-TO-DATE
> Task :react-native-safe-area-context:preDebugBuild UP-TO-DATE
> Task :react-native-screens:preBuild UP-TO-DATE
> Task :react-native-screens:preDebugBuild UP-TO-DATE
> Task :react-native-safe-area-context:writeDebugAarMetadata
> Task :react-native-svg:preBuild UP-TO-DATE
> Task :react-native-svg:preDebugBuild UP-TO-DATE
> Task :react-native-screens:writeDebugAarMetadata
> Task :react-native-vector-icons:preBuild UP-TO-DATE
> Task :react-native-vector-icons:preDebugBuild UP-TO-DATE
> Task :react-native-svg:writeDebugAarMetadata
> Task :react-native-vector-icons:writeDebugAarMetadata
> Task :react-native-vision-camera:prepareHeaders UP-TO-DATE
> Task :react-native-vision-camera:preBuild UP-TO-DATE
> Task :react-native-vision-camera:preDebugBuild UP-TO-DATE
> Task :react-native-vision-camera:writeDebugAarMetadata
> Task :app:generateDebugResValues
> Task :app:checkDebugAarMetadata
> Task :app:processDebugGoogleServices
> Task :lottie-react-native:generateDebugResValues
> Task :lottie-react-native:generateDebugResources
> Task :lottie-react-native:packageDebugResources
> Task :react-native-async-storage_async-storage:generateDebugResValues
> Task :react-native-async-storage_async-storage:generateDebugResources
> Task :react-native-async-storage_async-storage:packageDebugResources
> Task :react-native-biometrics:generateDebugResValues
> Task :react-native-biometrics:generateDebugResources
> Task :react-native-biometrics:packageDebugResources
> Task :react-native-community_blur:generateDebugResValues
> Task :react-native-community_blur:generateDebugResources
> Task :react-native-community_blur:packageDebugResources
> Task :react-native-device-info:generateDebugResValues
> Task :react-native-device-info:generateDebugResources
> Task :react-native-device-info:packageDebugResources
> Task :react-native-document-picker:generateDebugResValues
> Task :react-native-document-picker:generateDebugResources
> Task :react-native-document-picker:packageDebugResources
> Task :react-native-fs:generateDebugResValues
> Task :react-native-fs:generateDebugResources
> Task :react-native-fs:packageDebugResources
> Task :react-native-geolocation-service:generateDebugResValues
> Task :react-native-geolocation-service:generateDebugResources
> Task :react-native-geolocation-service:packageDebugResources
> Task :react-native-keychain:generateDebugResValues
> Task :react-native-keychain:generateDebugResources
> Task :react-native-keychain:packageDebugResources
> Task :react-native-linear-gradient:generateDebugResValues
> Task :react-native-linear-gradient:generateDebugResources
> Task :react-native-linear-gradient:packageDebugResources
> Task :react-native-reanimated:generateDebugResValues
> Task :react-native-reanimated:generateDebugResources
> Task :react-native-reanimated:packageDebugResources
> Task :react-native-safe-area-context:generateDebugResValues
> Task :react-native-safe-area-context:generateDebugResources
> Task :react-native-safe-area-context:packageDebugResources
> Task :react-native-screens:generateDebugResValues
> Task :react-native-screens:generateDebugResources
> Task :react-native-screens:packageDebugResources
> Task :react-native-svg:generateDebugResValues
> Task :react-native-svg:generateDebugResources
> Task :react-native-svg:packageDebugResources
> Task :react-native-vector-icons:generateDebugResValues
> Task :react-native-vector-icons:generateDebugResources
> Task :react-native-vector-icons:packageDebugResources
> Task :react-native-vision-camera:generateDebugResValues
> Task :react-native-vision-camera:generateDebugResources
> Task :react-native-vision-camera:packageDebugResources
> Task :app:mapDebugSourceSetPaths
> Task :app:generateDebugResources
> Task :app:packageDebugResources
> Task :app:createDebugCompatibleScreenManifests
> Task :app:extractDeepLinksDebug
> Task :lottie-react-native:extractDeepLinksDebug
> Task :react-native-async-storage_async-storage:extractDeepLinksDebug
> Task :react-native-biometrics:extractDeepLinksDebug
> Task :react-native-community_blur:extractDeepLinksDebug
> Task :react-native-device-info:extractDeepLinksDebug
> Task :react-native-document-picker:extractDeepLinksDebug
> Task :react-native-fs:extractDeepLinksDebug
> Task :react-native-geolocation-service:extractDeepLinksDebug
> Task :react-native-keychain:extractDeepLinksDebug
> Task :app:parseDebugLocalResources

> Task :react-native-async-storage_async-storage:processDebugManifest
package="com.reactnativecommunity.asyncstorage" found in source AndroidManifest.xml: D:\astra by antigravity\astra-rn\node_modules\@react-native-async-storage\async-storage\android\src\main\AndroidManifest.xml.
Setting the namespace via the package attribute in the source AndroidManifest.xml is no longer supported, and the value is ignored.
Recommendation: remove package="com.reactnativecommunity.asyncstorage" from the source AndroidManifest.xml: D:\astra by antigravity\astra-rn\node_modules\@react-native-async-storage\async-storage\android\src\main\AndroidManifest.xml.

> Task :react-native-device-info:processDebugManifest
package="com.learnium.RNDeviceInfo" found in source AndroidManifest.xml: D:\astra by antigravity\astra-rn\node_modules\react-native-device-info\android\src\main\AndroidManifest.xml.
Setting the namespace via the package attribute in the source AndroidManifest.xml is no longer supported, and the value is ignored.
Recommendation: remove package="com.learnium.RNDeviceInfo" from the source AndroidManifest.xml: D:\astra by antigravity\astra-rn\node_modules\react-native-device-info\android\src\main\AndroidManifest.xml.

> Task :react-native-document-picker:processDebugManifest
package="com.reactnativedocumentpicker" found in source AndroidManifest.xml: D:\astra by antigravity\astra-rn\node_modules\react-native-document-picker\android\src\main\AndroidManifest.xml.
Setting the namespace via the package attribute in the source AndroidManifest.xml is no longer supported, and the value is ignored.
Recommendation: remove package="com.reactnativedocumentpicker" from the source AndroidManifest.xml: D:\astra by antigravity\astra-rn\node_modules\react-native-document-picker\android\src\main\AndroidManifest.xml.

> Task :lottie-react-native:processDebugManifest

> Task :react-native-fs:processDebugManifest
package="com.rnfs" found in source AndroidManifest.xml: D:\astra by antigravity\astra-rn\node_modules\react-native-fs\android\src\main\AndroidManifest.xml.
Setting the namespace via the package attribute in the source AndroidManifest.xml is no longer supported, and the value is ignored.
Recommendation: remove package="com.rnfs" from the source AndroidManifest.xml: D:\astra by antigravity\astra-rn\node_modules\react-native-fs\android\src\main\AndroidManifest.xml.

> Task :react-native-geolocation-service:processDebugManifest
package="com.agontuk.RNFusedLocation" found in source AndroidManifest.xml: D:\astra by antigravity\astra-rn\node_modules\react-native-geolocation-service\android\src\main\AndroidManifest.xml.
Setting the namespace via the package attribute in the source AndroidManifest.xml is no longer supported, and the value is ignored.
Recommendation: remove package="com.agontuk.RNFusedLocation" from the source AndroidManifest.xml: D:\astra by antigravity\astra-rn\node_modules\react-native-geolocation-service\android\src\main\AndroidManifest.xml.

> Task :react-native-community_blur:processDebugManifest
package="com.reactnativecommunity.blurview" found in source AndroidManifest.xml: D:\astra by antigravity\astra-rn\node_modules\@react-native-community\blur\android\src\main\AndroidManifest.xml.
Setting the namespace via the package attribute in the source AndroidManifest.xml is no longer supported, and the value is ignored.
Recommendation: remove package="com.reactnativecommunity.blurview" from the source AndroidManifest.xml: D:\astra by antigravity\astra-rn\node_modules\@react-native-community\blur\android\src\main\AndroidManifest.xml.

> Task :react-native-biometrics:processDebugManifest
package="com.rnbiometrics" found in source AndroidManifest.xml: D:\astra by antigravity\astra-rn\node_modules\react-native-biometrics\android\src\main\AndroidManifest.xml.
Setting the namespace via the package attribute in the source AndroidManifest.xml is no longer supported, and the value is ignored.
Recommendation: remove package="com.rnbiometrics" from the source AndroidManifest.xml: D:\astra by antigravity\astra-rn\node_modules\react-native-biometrics\android\src\main\AndroidManifest.xml.

> Task :react-native-linear-gradient:extractDeepLinksDebug
> Task :react-native-reanimated:extractDeepLinksDebug
> Task :react-native-safe-area-context:extractDeepLinksDebug

> Task :react-native-keychain:processDebugManifest
package="com.oblador.keychain" found in source AndroidManifest.xml: D:\astra by antigravity\astra-rn\node_modules\react-native-keychain\android\src\main\AndroidManifest.xml.
Setting the namespace via the package attribute in the source AndroidManifest.xml is no longer supported, and the value is ignored.
Recommendation: remove package="com.oblador.keychain" from the source AndroidManifest.xml: D:\astra by antigravity\astra-rn\node_modules\react-native-keychain\android\src\main\AndroidManifest.xml.

> Task :react-native-screens:extractDeepLinksDebug

> Task :react-native-linear-gradient:processDebugManifest
package="com.BV.LinearGradient" found in source AndroidManifest.xml: D:\astra by antigravity\astra-rn\node_modules\react-native-linear-gradient\android\src\main\AndroidManifest.xml.
Setting the namespace via the package attribute in the source AndroidManifest.xml is no longer supported, and the value is ignored.
Recommendation: remove package="com.BV.LinearGradient" from the source AndroidManifest.xml: D:\astra by antigravity\astra-rn\node_modules\react-native-linear-gradient\android\src\main\AndroidManifest.xml.

> Task :react-native-reanimated:processDebugManifest
> Task :react-native-svg:extractDeepLinksDebug
> Task :react-native-vector-icons:extractDeepLinksDebug

> Task :react-native-safe-area-context:processDebugManifest
package="com.th3rdwave.safeareacontext" found in source AndroidManifest.xml: D:\astra by antigravity\astra-rn\node_modules\react-native-safe-area-context\android\src\main\AndroidManifest.xml.
Setting the namespace via the package attribute in the source AndroidManifest.xml is no longer supported, and the value is ignored.
Recommendation: remove package="com.th3rdwave.safeareacontext" from the source AndroidManifest.xml: D:\astra by antigravity\astra-rn\node_modules\react-native-safe-area-context\android\src\main\AndroidManifest.xml.

> Task :react-native-vision-camera:extractDeepLinksDebug

> Task :react-native-screens:processDebugManifest
package="com.swmansion.rnscreens" found in source AndroidManifest.xml: D:\astra by antigravity\astra-rn\node_modules\react-native-screens\android\src\main\AndroidManifest.xml.
Setting the namespace via the package attribute in the source AndroidManifest.xml is no longer supported, and the value is ignored.
Recommendation: remove package="com.swmansion.rnscreens" from the source AndroidManifest.xml: D:\astra by antigravity\astra-rn\node_modules\react-native-screens\android\src\main\AndroidManifest.xml.

> Task :react-native-svg:processDebugManifest
package="com.horcrux.svg" found in source AndroidManifest.xml: D:\astra by antigravity\astra-rn\node_modules\react-native-svg\android\src\main\AndroidManifest.xml.
Setting the namespace via the package attribute in the source AndroidManifest.xml is no longer supported, and the value is ignored.
Recommendation: remove package="com.horcrux.svg" from the source AndroidManifest.xml: D:\astra by antigravity\astra-rn\node_modules\react-native-svg\android\src\main\AndroidManifest.xml.

> Task :react-native-vector-icons:processDebugManifest
package="com.oblador.vectoricons" found in source AndroidManifest.xml: D:\astra by antigravity\astra-rn\node_modules\react-native-vector-icons\android\src\main\AndroidManifest.xml.
Setting the namespace via the package attribute in the source AndroidManifest.xml is no longer supported, and the value is ignored.
Recommendation: remove package="com.oblador.vectoricons" from the source AndroidManifest.xml: D:\astra by antigravity\astra-rn\node_modules\react-native-vector-icons\android\src\main\AndroidManifest.xml.

> Task :app:mergeDebugResources
> Task :react-native-vision-camera:processDebugManifest
> Task :lottie-react-native:parseDebugLocalResources
> Task :lottie-react-native:compileDebugLibraryResources

> Task :app:processDebugMainManifest
D:\astra by antigravity\astra-rn\android\app\src\debug\AndroidManifest.xml:6:5-162 Warning:
	application@android:usesCleartextTraffic was tagged at AndroidManifest.xml:6 to replace other declarations but no other declaration present

> Task :app:processDebugManifest
> Task :react-native-async-storage_async-storage:compileDebugLibraryResources
> Task :app:processDebugManifestForPackage
> Task :react-native-biometrics:compileDebugLibraryResources
> Task :react-native-async-storage_async-storage:parseDebugLocalResources
> Task :react-native-biometrics:parseDebugLocalResources
> Task :react-native-community_blur:compileDebugLibraryResources
> Task :react-native-device-info:compileDebugLibraryResources
> Task :react-native-document-picker:compileDebugLibraryResources
> Task :react-native-device-info:parseDebugLocalResources
> Task :react-native-document-picker:parseDebugLocalResources
> Task :react-native-fs:compileDebugLibraryResources
> Task :react-native-community_blur:parseDebugLocalResources
> Task :react-native-fs:parseDebugLocalResources
> Task :react-native-geolocation-service:compileDebugLibraryResources
> Task :lottie-react-native:generateDebugRFile
> Task :react-native-async-storage_async-storage:generateDebugRFile
> Task :react-native-biometrics:generateDebugRFile
> Task :react-native-document-picker:generateDebugRFile
> Task :react-native-keychain:compileDebugLibraryResources
> Task :react-native-geolocation-service:parseDebugLocalResources
> Task :react-native-device-info:generateDebugRFile
> Task :react-native-keychain:parseDebugLocalResources
> Task :react-native-fs:generateDebugRFile
> Task :react-native-linear-gradient:compileDebugLibraryResources
> Task :react-native-reanimated:compileDebugLibraryResources
> Task :react-native-community_blur:generateDebugRFile
> Task :react-native-linear-gradient:parseDebugLocalResources
> Task :react-native-geolocation-service:generateDebugRFile
> Task :react-native-keychain:generateDebugRFile
> Task :react-native-reanimated:parseDebugLocalResources
> Task :react-native-safe-area-context:compileDebugLibraryResources
> Task :react-native-safe-area-context:parseDebugLocalResources
> Task :react-native-linear-gradient:generateDebugRFile
> Task :react-native-reanimated:generateDebugRFile
> Task :react-native-svg:compileDebugLibraryResources
> Task :react-native-screens:parseDebugLocalResources
> Task :react-native-svg:parseDebugLocalResources
> Task :react-native-vector-icons:compileDebugLibraryResources
> Task :react-native-safe-area-context:generateDebugRFile
> Task :react-native-vector-icons:parseDebugLocalResources
> Task :react-native-vision-camera:compileDebugLibraryResources
> Task :react-native-vision-camera:parseDebugLocalResources
> Task :react-native-svg:generateDebugRFile
> Task :lottie-react-native:checkKotlinGradlePluginConfigurationErrors
> Task :react-native-screens:generateDebugRFile
> Task :lottie-react-native:generateDebugBuildConfig
> Task :react-native-vector-icons:generateDebugRFile
> Task :react-native-vision-camera:generateDebugRFile
> Task :react-native-screens:compileDebugLibraryResources
> Task :react-native-async-storage_async-storage:generateDebugBuildConfig
> Task :lottie-react-native:javaPreCompileDebug
> Task :react-native-biometrics:generateDebugBuildConfig
> Task :react-native-async-storage_async-storage:javaPreCompileDebug
> Task :react-native-biometrics:javaPreCompileDebug

> Task :react-native-async-storage_async-storage:compileDebugJavaWithJavac
.\gradlew.bat : D:\astra 
by antigravity\astra-rn\no
de_modules\@react-native-a
sync-storage\async-storage
\android\src\main\java\com
\reactnativecommunity\asyn
cstorage\AsyncStorageModul
e.java:84: warning: 
[removal] onCatalystInstan
ceDestroy() in 
NativeModule has been 
deprecated and marked for 
removal
At line:1 char:58
+ ... ra-rn\android"; 
.\gradlew.bat 
assembleDebug 
--stacktrace 2>&1 | Out-F 
...
+                     ~~~~
~~~~~~~~~~~~~~~~~~~~~~~~~~
~~~~~~~~~~~~~~~
    + CategoryInfo        
      : NotSpecified: (D  
  :\astra by ant...ked    
 for removal:String) [    
], RemoteException
    + FullyQualifiedError 
   Id : NativeCommandErr  
  or
 
  public void onCatalystIn
stanceDestroy() {
              ^
Note: Some input files 
use or override a 
deprecated API.
Note: Recompile with 
-Xlint:deprecation for 
details.
Note: D:\astra by antigrav
ity\astra-rn\node_modules\
@react-native-async-storag
e\async-storage\android\sr
c\javaPackage\java\com\rea
ctnativecommunity\asyncsto
rage\AsyncStoragePackage.j
ava uses unchecked or 
unsafe operations.
Note: Recompile with 
-Xlint:unchecked for 
details.
1 warning

> Task :app:processDebugResources
> Task :react-native-async-storage_async-storage:bundleLibCompileToJarDebug
> Task :react-native-biometrics:compileDebugJavaWithJavac
> Task :react-native-community_blur:generateDebugBuildConfig
> Task :react-native-community_blur:javaPreCompileDebug
> Task :react-native-device-info:generateDebugBuildConfig
> Task :react-native-biometrics:bundleLibCompileToJarDebug
> Task :react-native-community_blur:compileDebugJavaWithJavac
> Task :react-native-device-info:javaPreCompileDebug
> Task :react-native-document-picker:generateDebugBuildConfig
> Task :react-native-community_blur:bundleLibCompileToJarDebug

> Task :react-native-device-info:compileDebugJavaWithJavac
Note: Some input files 
use or override a 
deprecated API.
Note: Recompile with 
-Xlint:deprecation for 
details.

> Task :react-native-document-picker:javaPreCompileDebug
> Task :react-native-fs:generateDebugBuildConfig
> Task :react-native-device-info:bundleLibCompileToJarDebug
Note: Some input files 
use or override a 
deprecated API.
Note: Recompile with 
-Xlint:deprecation for 
details.

> Task :react-native-document-picker:compileDebugJavaWithJavac

> Task :react-native-fs:javaPreCompileDebug
> Task :react-native-geolocation-service:generateDebugBuildConfig
> Task :react-native-document-picker:bundleLibCompileToJarDebug

> Task :react-native-fs:compileDebugJavaWithJavac
Note: Some input files 
use or override a 
deprecated API.
Note: Recompile with 
-Xlint:deprecation for 
details.

> Task :react-native-geolocation-service:javaPreCompileDebug
> Task :react-native-keychain:generateDebugBuildConfig
> Task :react-native-fs:bundleLibCompileToJarDebug

> Task :react-native-geolocation-service:compileDebugJavaWithJavac
Note: Some input files 
use or override a 
deprecated API.
Note: Recompile with 
-Xlint:deprecation for 
details.

> Task :react-native-keychain:javaPreCompileDebug
> Task :react-native-linear-gradient:generateDebugBuildConfig
> Task :react-native-geolocation-service:bundleLibCompileToJarDebug

> Task :react-native-keychain:compileDebugJavaWithJavac
Note: Some input files 
use or override a 
deprecated API.
Note: Recompile with 
-Xlint:deprecation for 
details.

> Task :react-native-linear-gradient:javaPreCompileDebug
> Task :react-native-reanimated:generateDebugBuildConfig
> Task :react-native-keychain:bundleLibCompileToJarDebug
> Task :react-native-linear-gradient:compileDebugJavaWithJavac
> Task :react-native-reanimated:packageNdkLibs NO-SOURCE
> Task :react-native-safe-area-context:checkKotlinGradlePluginConfigurationErrors
> Task :react-native-reanimated:javaPreCompileDebug
> Task :react-native-linear-gradient:bundleLibCompileToJarDebug
> Task :react-native-safe-area-context:generateDebugBuildConfig
> Task :lottie-react-native:compileDebugKotlin

> Task :react-native-reanimated:compileDebugJavaWithJavac
Note: Some input files 
use or override a 
deprecated API.
Note: Recompile with 
-Xlint:deprecation for 
details.
Note: Some input files 
use unchecked or unsafe 
operations.
Note: Recompile with 
-Xlint:unchecked for 
details.

> Task :react-native-reanimated:bundleLibCompileToJarDebug
> Task :react-native-screens:checkKotlinGradlePluginConfigurationErrors

> Task :lottie-react-native:compileDebugKotlin
w: file:///D:/astra%20by%20antigravity/astra-rn/node_modules/lottie-react-native/android/src/main/java/com/airbnb/android/react/lottie/LottieAnimationViewManagerImpl.kt:12:34 'MapBuilder' is deprecated. Deprecated in Java
w: file:///D:/astra%20by%20antigravity/astra-rn/node_modules/lottie-react-native/android/src/main/java/com/airbnb/android/react/lottie/LottieAnimationViewManagerImpl.kt:21:17 'MapBuilder' is deprecated. Deprecated in Java
w: file:///D:/astra%20by%20antigravity/astra-rn/node_modules/lottie-react-native/android/src/main/java/com/airbnb/android/react/lottie/LottieAnimationViewManagerImpl.kt:72:16 'MapBuilder' is deprecated. Deprecated in Java
w: file:///D:/astra%20by%20antigravity/astra-rn/node_modules/lottie-react-native/android/src/main/java/com/airbnb/android/react/lottie/LottieAnimationViewManagerImpl.kt:74:13 'MapBuilder' is deprecated. Deprecated in Java
w: file:///D:/astra%20by%20antigravity/astra-rn/node_modules/lottie-react-native/android/src/main/java/com/airbnb/android/react/lottie/LottieAnimationViewManagerImpl.kt:76:13 'MapBuilder' is deprecated. Deprecated in Java
w: file:///D:/astra%20by%20antigravity/astra-rn/node_modules/lottie-react-native/android/src/main/java/com/airbnb/android/react/lottie/LottieAnimationViewManagerImpl.kt:78:13 'MapBuilder' is deprecated. Deprecated in Java
w: file:///D:/astra%20by%20antigravity/astra-rn/node_modules/lottie-react-native/android/src/main/java/com/airbnb/android/react/lottie/LottieAnimationViewPropertyManager.kt:20:38 'ReactFontManager' is deprecated. Deprecated in Java
w: file:///D:/astra%20by%20antigravity/astra-rn/node_modules/lottie-react-native/android/src/main/java/com/airbnb/android/react/lottie/LottieAnimationViewPropertyManager.kt:72:24 'ReactFontManager' is deprecated. Deprecated in Java
w: file:///D:/astra%20by%20antigravity/astra-rn/node_modules/lottie-react-native/android/src/main/java/com/airbnb/android/react/lottie/LottieAnimationViewPropertyManager.kt:86:24 'ReactFontManager' is deprecated. Deprecated in Java

> Task :react-native-safe-area-context:javaPreCompileDebug
> Task :react-native-screens:generateDebugBuildConfig
> Task :react-native-screens:javaPreCompileDebug
> Task :react-native-svg:generateDebugBuildConfig
> Task :lottie-react-native:compileDebugJavaWithJavac
> Task :react-native-svg:javaPreCompileDebug
> Task :react-native-vector-icons:generateDebugBuildConfig
> Task :lottie-react-native:bundleLibCompileToJarDebug
